make all --print-data-base --no-builtin-variables --no-builtin-rules --question
make: *** No rule to make target 'all'.  Stop.

# GNU Make 4.2.1
# Built for x86_64-redhat-linux-gnu
# Copyright (C) 1988-2016 Free Software Foundation, Inc.
# License GPLv3+: GNU GPL version 3 or later <http://gnu.org/licenses/gpl.html>
# This is free software: you are free to change and redistribute it.
# There is NO WARRANTY, to the extent permitted by law.

# Make data base, printed on Sun Sep 15 17:49:19 2024

# Variables

# automatic
<D = $(patsubst %/,%,$(dir $<))
# automatic
?F = $(notdir $?)
# default
.SHELLFLAGS := -c
# environment
VSCODE_AGENT_FOLDER = /mnt/ncsudrive/t/tyeh6/.vscode-server
# environment
MODULEPATH = /etc/scl/modulefiles:/etc/scl/modulefiles:/mnt/apps/modules/ece/other:/mnt/apps/modules/ece/cadence:/mnt/apps/modules/ece/mentor:/mnt/apps/modules/ece/synopsys:/mnt/apps/modules/coe:/mnt/apps/modules/ncsu:/usr/share/modulefiles:/usr/share/lmod/lmod/modulefiles/Core
# environment
LMOD_PREPEND_BLOCK = normal
# automatic
?D = $(patsubst %/,%,$(dir $?))
# automatic
@D = $(patsubst %/,%,$(dir $@))
# environment
define BASH_FUNC_ml%%
() {  eval "$($LMOD_DIR/ml_cmd "$@")"
}
endef
# default
MAKE_VERSION := 4.2.1
# makefile
CURDIR := /mnt/ncsudrive/t/tyeh6/748/748
# makefile
SHELL = /bin/sh
# environment
LMOD_DIR = /usr/share/lmod/lmod/libexec
# environment
VSCODE_NLS_CONFIG = {"userLocale":"en","osLocale":"en","resolvedLanguage":"en","defaultMessagesFile":"/mnt/ncsudrive/t/tyeh6/.vscode-server/cli/servers/Stable-38c31bc77e0dd6ae88a4e9cc93428cc27a56ba40/server/out/nls.messages.json","locale":"en","availableLanguages":{}}
# environment
_ = /usr/bin/make
# environment
QSYS_ROOTDIR = /mnt/ncsudrive/t/tyeh6/intelFPGA_lite/19.1/quartus/sopc_builder/bin
# makefile (from 'Makefile', line 1)
MAKEFILE_LIST :=  Makefile
# automatic
@F = $(notdir $@)
# environment
HISTCONTROL = ignoredups
# 'override' directive
GNUMAKEFLAGS := 
# environment
LMOD_COLORIZE = yes
# environment
DBUS_SESSION_BUS_ADDRESS = unix:path=/run/user/410282/bus
# environment
LESSOPEN = ||/usr/bin/lesspipe.sh %s
# environment
VSCODE_CWD = /mnt/ncsudrive/t/tyeh6
# environment
LMOD_FULL_SETTARG_SUPPORT = no
# environment
KRB5CCNAME = KEYRING:persistent:410282
# environment
SSH_CONNECTION = 10.136.30.131 50164 152.14.98.81 22
# environment
PATH = /mnt/ncsudrive/t/tyeh6/.vscode-server/cli/servers/Stable-38c31bc77e0dd6ae88a4e9cc93428cc27a56ba40/server/bin/remote-cli:/mnt/ncsudrive/t/tyeh6/.local/bin:/mnt/ncsudrive/t/tyeh6/bin:/usr/local/bin:/usr/bin:/usr/local/sbin:/usr/sbin:/opt/puppetlabs/bin
# environment
LMOD_CMD = /usr/share/lmod/lmod/libexec/lmod
# environment
VSCODE_CLI_REQUIRE_TOKEN = e416f430-bfe8-4977-bbce-f48d00367b46
# environment
XDG_RUNTIME_DIR = /run/user/410282
# environment
BASH_ENV = /usr/share/lmod/lmod/init/bash
# environment
define BASH_FUNC_scl%%
() {  if [ "$1" = "load" -o "$1" = "unload" ]; then
 eval "module $@";
 else
 /usr/bin/scl "$@";
 fi
}
endef
# environment
ELECTRON_RUN_AS_NODE = 1
# environment
VSCODE_IPC_HOOK_CLI = /run/user/410282/vscode-ipc-45269dc4-9522-4bf0-a031-d5f6c0248c37.sock
# environment
LMOD_VERSION = 8.7.32
# default
.FEATURES := target-specific order-only second-expansion else-if shortest-stem undefine oneshell archives jobserver output-sync check-symlink load
# automatic
%F = $(notdir $%)
# environment
SSL_CERT_FILE = /etc/pki/ca-trust/extracted/pem/tls-ca-bundle.pem
# environment
PWD = /mnt/ncsudrive/t/tyeh6/748/748
# default
.LOADED := 
# automatic
*D = $(patsubst %/,%,$(dir $*))
# environment
MANPATH = /usr/share/lmod/lmod/share/man::/opt/puppetlabs/puppet/share/man
# environment
VSCODE_AMD_ENTRYPOINT = vs/workbench/api/node/extensionHostProcess
# environment
HOME = /mnt/ncsudrive/t/tyeh6
# environment
MODULESHOME = /usr/share/Modules
# environment
LOGNAME = tyeh6
# environment
APPLICATION_INSIGHTS_NO_DIAGNOSTIC_CHANNEL = true
# automatic
+F = $(notdir $+)
# environment
SELINUX_LEVEL_REQUESTED = 
# environment
VSCODE_HANDLES_UNCAUGHT_ERRORS = true
# environment
LMOD_sys = Linux
# automatic
^D = $(patsubst %/,%,$(dir $^))
# environment
HOSTNAME = grendel32.ece.ncsu.edu
# environment
LMOD_arch = x86_64
# environment
MAKELEVEL := 0
# default
MAKE = $(MAKE_COMMAND)
# default
MAKECMDGOALS := all
# environment
SHLVL = 5
# environment
XDG_SESSION_ID = 1257
# environment
USER = tyeh6
# makefile
.DEFAULT_GOAL := run
# environment
LMOD_AVAIL_STYLE = grouped:system
# environment
LMOD_SETTARG_CMD = :
# automatic
%D = $(patsubst %/,%,$(dir $%))
# environment
MODULEPATH_ROOT = /
# default
MAKE_COMMAND := make
# default
.VARIABLES := 
# automatic
*F = $(notdir $*)
# environment
define BASH_FUNC_module%%
() {  if [ -z "${LMOD_SH_DBG_ON+x}" ]; then
 case "$-" in 
 *v*x*)
 __lmod_sh_dbg='vx'
 ;;
 *v*)
 __lmod_sh_dbg='v'
 ;;
 *x*)
 __lmod_sh_dbg='x'
 ;;
 esac;
 fi;
 if [ -n "${__lmod_sh_dbg:-}" ]; then
 set +$__lmod_sh_dbg;
 echo "Shell debugging temporarily silenced: export LMOD_SH_DBG_ON=1 for Lmod's output" 1>&2;
 fi;
 eval "$($LMOD_CMD shell "$@")" && eval "$(${LMOD_SETTARG_CMD:-:} -s sh)";
 __lmod_my_status=$?;
 if [ -n "${__lmod_sh_dbg:-}" ]; then
 echo "Shell debugging restarted" 1>&2;
 set -$__lmod_sh_dbg;
 fi;
 unset __lmod_sh_dbg;
 return $__lmod_my_status
}
endef
# makefile
MAKEFLAGS = pqrR
# environment
MFLAGS = -pqrR
# environment
SSH_CLIENT = 10.136.30.131 50164 22
# environment
MAIL = /var/spool/mail/tyeh6
# automatic
+D = $(patsubst %/,%,$(dir $+))
# environment
BROWSER = /mnt/ncsudrive/t/tyeh6/.vscode-server/cli/servers/Stable-38c31bc77e0dd6ae88a4e9cc93428cc27a56ba40/server/bin/helpers/browser.sh
# environment
define BASH_FUNC_which%%
() {  ( alias;
 eval ${which_declare} ) | /usr/bin/which --tty-only --read-alias --read-functions --show-tilde --show-dot $@
}
endef
# environment
LMOD_PKG = /usr/share/lmod/lmod
# environment
VSCODE_HANDLES_SIGPIPE = true
# default
MAKEFILES := 
# environment
SELINUX_USE_CURRENT_RANGE = 
# environment
LMOD_PACKAGE_PATH = /mnt/apps/public/COE/ece
# automatic
<F = $(notdir $<)
# environment
LC_ALL = C
# environment
SSL_CERT_DIR = /etc/pki/tls/certs
# automatic
^F = $(notdir $^)
# environment
SELINUX_ROLE_REQUESTED = 
# default
SUFFIXES := 
# environment
HISTSIZE = 1000
# environment
LMOD_ROOT = /usr/share/lmod
# environment
LMOD_SETTARG_FULL_SUPPORT = no
# default
.INCLUDE_DIRS = /usr/include /usr/local/include /usr/include
# default
.RECIPEPREFIX := 
# default
MAKE_HOST := x86_64-redhat-linux-gnu
# environment
LANG = C
# environment
which_declare = declare -f
# variable set hash-table stats:
# Load=96/1024=9%, Rehash=0, Collisions=13/121=11%

# Pattern-specific Variable Values

# No pattern-specific variable values.

# Directories

# . (device 51, inode 6915736422): 12 files, no impossibilities.

# 12 files, no impossibilities in 1 directories.

# Implicit Rules

# No implicit rules.

# Files

# Not a target:
all:
#  Command line target.
#  Implicit rule search has been done.
#  File does not exist.
#  File has not been updated.

# Not a target:
Makefile:
#  Implicit rule search has been done.
#  Last modified 2024-09-14 01:53:24.479426
#  File has been updated.
#  Successfully updated.

# Not a target:
.DEFAULT:
#  Implicit rule search has not been done.
#  Modification time never checked.
#  File has not been updated.

run:
#  Implicit rule search has not been done.
#  Modification time never checked.
#  File has not been updated.
#  recipe to execute (from 'Makefile', line 3):
	qrun -64 -gui -visualizer -onfinish stop -classdebug -uvmcontrol=all -msgmode both -l run.log top.sv -do "set IterationLimit 140000; set NoQuitOnFinish 1; " +UVM_TESTNAME=test_base -debug,livesim -qwavedb=+signal+memory=1024+report+parameter+class+assertion+uvm_schematic+msg+classmemory=1024+statictaskfunc -top top

clean:
#  Implicit rule search has not been done.
#  Modification time never checked.
#  File has not been updated.
#  recipe to execute (from 'Makefile', line 7):
	rm certe_dump.xml
	rm design.bin
	rm -rf qrun.out
	rm -rf .visualizer
	rm qwave.db
	rm run.log

# files hash-table stats:
# Load=6/1024=1%, Rehash=0, Collisions=0/16=0%
# VPATH Search Paths

# No 'vpath' search paths.

# No general ('VPATH' variable) search path.

# strcache buffers: 1 (0) / strings = 19 / storage = 174 B / avg = 9 B
# current buf: size = 8162 B / used = 174 B / count = 19 / avg = 9 B

# strcache performance: lookups = 25 / hit rate = 24%
# hash-table stats:
 
# Load=19/8192=0%, Rehash=0, Collisions=2/25=8%
# Finished Make data base on Sun Sep 15 17:49:19 2024

 
